<?xml version="1.0" encoding="UTF-8"?>
<testsuite name="com.clout.discovery.DiscoveryApplicationTests" tests="1" skipped="0" failures="0" errors="0" timestamp="2023-11-06T03:18:33" hostname="DESKTOP-1JVI7QI" time="0.577">
  <properties/>
  <testcase name="contextLoads()" classname="com.clout.discovery.DiscoveryApplicationTests" time="0.577"/>
  <system-out><![CDATA[12:18:24.010 [Test worker] DEBUG org.springframework.test.context.BootstrapUtils - Instantiating CacheAwareContextLoaderDelegate from class [org.springframework.test.context.cache.DefaultCacheAwareContextLoaderDelegate]
12:18:24.023 [Test worker] DEBUG org.springframework.test.context.BootstrapUtils - Instantiating BootstrapContext using constructor [public org.springframework.test.context.support.DefaultBootstrapContext(java.lang.Class,org.springframework.test.context.CacheAwareContextLoaderDelegate)]
12:18:24.061 [Test worker] DEBUG org.springframework.test.context.BootstrapUtils - Instantiating TestContextBootstrapper for test class [com.clout.discovery.DiscoveryApplicationTests] from class [org.springframework.boot.test.context.SpringBootTestContextBootstrapper]
12:18:24.075 [Test worker] INFO org.springframework.boot.test.context.SpringBootTestContextBootstrapper - Neither @ContextConfiguration nor @ContextHierarchy found for test class [com.clout.discovery.DiscoveryApplicationTests], using SpringBootContextLoader
12:18:24.078 [Test worker] DEBUG org.springframework.test.context.support.AbstractContextLoader - Did not detect default resource location for test class [com.clout.discovery.DiscoveryApplicationTests]: class path resource [com/clout/discovery/DiscoveryApplicationTests-context.xml] does not exist
12:18:24.079 [Test worker] DEBUG org.springframework.test.context.support.AbstractContextLoader - Did not detect default resource location for test class [com.clout.discovery.DiscoveryApplicationTests]: class path resource [com/clout/discovery/DiscoveryApplicationTestsContext.groovy] does not exist
12:18:24.079 [Test worker] INFO org.springframework.test.context.support.AbstractContextLoader - Could not detect default resource locations for test class [com.clout.discovery.DiscoveryApplicationTests]: no resource found for suffixes {-context.xml, Context.groovy}.
12:18:24.080 [Test worker] INFO org.springframework.test.context.support.AnnotationConfigContextLoaderUtils - Could not detect default configuration classes for test class [com.clout.discovery.DiscoveryApplicationTests]: DiscoveryApplicationTests does not declare any static, non-private, non-final, nested classes annotated with @Configuration.
12:18:24.127 [Test worker] DEBUG org.springframework.test.context.support.ActiveProfilesUtils - Could not find an 'annotation declaring class' for annotation type [org.springframework.test.context.ActiveProfiles] and class [com.clout.discovery.DiscoveryApplicationTests]
12:18:24.203 [Test worker] DEBUG org.springframework.context.annotation.ClassPathScanningCandidateComponentProvider - Identified candidate component class: file [C:\Users\SSAFY\git\S09P31A409\backend\discovery-service\build\classes\java\main\com\clout\discovery\DiscoveryApplication.class]
12:18:24.205 [Test worker] INFO org.springframework.boot.test.context.SpringBootTestContextBootstrapper - Found @SpringBootConfiguration com.clout.discovery.DiscoveryApplication for test class com.clout.discovery.DiscoveryApplicationTests
12:18:24.352 [Test worker] DEBUG org.springframework.boot.test.context.SpringBootTestContextBootstrapper - @TestExecutionListeners is not present for class [com.clout.discovery.DiscoveryApplicationTests]: using defaults.
12:18:24.353 [Test worker] INFO org.springframework.boot.test.context.SpringBootTestContextBootstrapper - Loaded default TestExecutionListener class names from location [META-INF/spring.factories]: [org.springframework.boot.test.autoconfigure.restdocs.RestDocsTestExecutionListener, org.springframework.boot.test.autoconfigure.web.client.MockRestServiceServerResetTestExecutionListener, org.springframework.boot.test.autoconfigure.web.servlet.MockMvcPrintOnlyOnFailureTestExecutionListener, org.springframework.boot.test.autoconfigure.web.servlet.WebDriverTestExecutionListener, org.springframework.boot.test.autoconfigure.webservices.client.MockWebServiceServerTestExecutionListener, org.springframework.boot.test.mock.mockito.MockitoTestExecutionListener, org.springframework.boot.test.mock.mockito.ResetMocksTestExecutionListener, org.springframework.test.context.web.ServletTestExecutionListener, org.springframework.test.context.support.DirtiesContextBeforeModesTestExecutionListener, org.springframework.test.context.event.ApplicationEventsTestExecutionListener, org.springframework.test.context.support.DependencyInjectionTestExecutionListener, org.springframework.test.context.support.DirtiesContextTestExecutionListener, org.springframework.test.context.transaction.TransactionalTestExecutionListener, org.springframework.test.context.jdbc.SqlScriptsTestExecutionListener, org.springframework.test.context.event.EventPublishingTestExecutionListener]
12:18:24.367 [Test worker] DEBUG org.springframework.boot.test.context.SpringBootTestContextBootstrapper - Skipping candidate TestExecutionListener [org.springframework.test.context.transaction.TransactionalTestExecutionListener] due to a missing dependency. Specify custom listener classes or make the default listener classes and their required dependencies available. Offending class: [org/springframework/transaction/interceptor/TransactionAttributeSource]
12:18:24.368 [Test worker] DEBUG org.springframework.boot.test.context.SpringBootTestContextBootstrapper - Skipping candidate TestExecutionListener [org.springframework.test.context.jdbc.SqlScriptsTestExecutionListener] due to a missing dependency. Specify custom listener classes or make the default listener classes and their required dependencies available. Offending class: [org/springframework/transaction/interceptor/TransactionAttribute]
12:18:24.368 [Test worker] INFO org.springframework.boot.test.context.SpringBootTestContextBootstrapper - Using TestExecutionListeners: [org.springframework.test.context.web.ServletTestExecutionListener@f19c9d2, org.springframework.test.context.support.DirtiesContextBeforeModesTestExecutionListener@7807ac2c, org.springframework.test.context.event.ApplicationEventsTestExecutionListener@b91d8c4, org.springframework.boot.test.mock.mockito.MockitoTestExecutionListener@4b6166aa, org.springframework.boot.test.autoconfigure.SpringBootDependencyInjectionTestExecutionListener@a77614d, org.springframework.test.context.support.DirtiesContextTestExecutionListener@4fd4cae3, org.springframework.test.context.event.EventPublishingTestExecutionListener@4a067c25, org.springframework.boot.test.autoconfigure.restdocs.RestDocsTestExecutionListener@a1217f9, org.springframework.boot.test.autoconfigure.web.client.MockRestServiceServerResetTestExecutionListener@3bde62ff, org.springframework.boot.test.autoconfigure.web.servlet.MockMvcPrintOnlyOnFailureTestExecutionListener@523424b5, org.springframework.boot.test.autoconfigure.web.servlet.WebDriverTestExecutionListener@2baa8d82, org.springframework.boot.test.autoconfigure.webservices.client.MockWebServiceServerTestExecutionListener@319dead1, org.springframework.boot.test.mock.mockito.ResetMocksTestExecutionListener@791cbf87]
12:18:24.372 [Test worker] DEBUG org.springframework.test.context.support.AbstractDirtiesContextTestExecutionListener - Before test class: context [DefaultTestContext@5990e6c5 testClass = DiscoveryApplicationTests, testInstance = [null], testMethod = [null], testException = [null], mergedContextConfiguration = [WebMergedContextConfiguration@56e07a08 testClass = DiscoveryApplicationTests, locations = '{}', classes = '{class com.clout.discovery.DiscoveryApplication}', contextInitializerClasses = '[]', activeProfiles = '{}', propertySourceLocations = '{}', propertySourceProperties = '{org.springframework.boot.test.context.SpringBootTestContextBootstrapper=true}', contextCustomizers = set[org.springframework.boot.test.autoconfigure.actuate.metrics.MetricsExportContextCustomizerFactory$DisableMetricExportContextCustomizer@530712d, org.springframework.boot.test.autoconfigure.properties.PropertyMappingContextCustomizer@0, org.springframework.boot.test.autoconfigure.web.servlet.WebDriverContextCustomizerFactory$Customizer@3da05287, org.springframework.boot.test.context.filter.ExcludeFilterContextCustomizer@497486b3, org.springframework.boot.test.json.DuplicateJsonObjectContextCustomizerFactory$DuplicateJsonObjectContextCustomizer@495fac5f, org.springframework.boot.test.mock.mockito.MockitoContextCustomizer@0, org.springframework.boot.test.web.client.TestRestTemplateContextCustomizer@49c6c24f, org.springframework.boot.test.context.SpringBootTestArgs@1, org.springframework.boot.test.context.SpringBootTestWebEnvironment@3e11f9e9], resourceBasePath = 'src/main/webapp', contextLoader = 'org.springframework.boot.test.context.SpringBootContextLoader', parent = [null]], attributes = map['org.springframework.test.context.web.ServletTestExecutionListener.activateListener' -> true]], class annotated with @DirtiesContext [false] with mode [null].

  .   ____          _            __ _ _
 /\\ / ___'_ __ _ _(_)_ __  __ _ \ \ \ \
( ( )\___ | '_ | '_| | '_ \/ _` | \ \ \ \
 \\/  ___)| |_)| | | | | || (_| |  ) ) ) )
  '  |____| .__|_| |_|_| |_\__, | / / / /
 =========|_|==============|___/=/_/_/_/
 :: Spring Boot ::               (v2.7.16)

2023-11-06 12:18:25.979  INFO 16504 --- [    Test worker] c.c.discovery.DiscoveryApplicationTests  : Starting DiscoveryApplicationTests using Java 17.0.8.1 on DESKTOP-1JVI7QI with PID 16504 (started by SSAFY in C:\Users\SSAFY\git\S09P31A409\backend\discovery-service)
2023-11-06 12:18:25.980  INFO 16504 --- [    Test worker] c.c.discovery.DiscoveryApplicationTests  : No active profile set, falling back to 1 default profile: "default"
2023-11-06 12:18:27.290  INFO 16504 --- [    Test worker] o.s.cloud.context.scope.GenericScope     : BeanFactory id=298b8a38-715d-3429-846c-241844575f2e
2023-11-06 12:18:30.299  INFO 16504 --- [    Test worker] o.s.cloud.commons.util.InetUtils         : Cannot determine local hostname
2023-11-06 12:18:32.005  INFO 16504 --- [    Test worker] o.s.cloud.commons.util.InetUtils         : Cannot determine local hostname
2023-11-06 12:18:32.027  INFO 16504 --- [    Test worker] DiscoveryClientOptionalArgsConfiguration : Eureka HTTP Client uses Jersey
2023-11-06 12:18:32.179  WARN 16504 --- [    Test worker] iguration$LoadBalancerCaffeineWarnLogger : Spring Cloud LoadBalancer is currently working with the default cache. While this cache implementation is useful for development and tests, it's recommended to use Caffeine cache in production.You can switch to using Caffeine cache, by adding it and org.springframework.cache.caffeine.CaffeineCacheManager to the classpath.
2023-11-06 12:18:32.529  INFO 16504 --- [    Test worker] o.s.c.n.eureka.InstanceInfoFactory       : Setting initial instance status as: STARTING
2023-11-06 12:18:32.577  INFO 16504 --- [    Test worker] com.netflix.discovery.DiscoveryClient    : Initializing Eureka in region us-east-1
2023-11-06 12:18:32.579  INFO 16504 --- [    Test worker] com.netflix.discovery.DiscoveryClient    : Client configured to neither register nor query for data.
2023-11-06 12:18:32.590  INFO 16504 --- [    Test worker] com.netflix.discovery.DiscoveryClient    : Discovery Client initialized at timestamp 1699240712589 with initial instances count: 0
2023-11-06 12:18:32.652  INFO 16504 --- [    Test worker] c.n.eureka.DefaultEurekaServerContext    : Initializing ...
2023-11-06 12:18:32.654  WARN 16504 --- [    Test worker] c.n.eureka.cluster.PeerEurekaNodes       : The replica size seems to be empty. Check the route 53 DNS Registry
2023-11-06 12:18:32.709  INFO 16504 --- [    Test worker] c.n.e.registry.AbstractInstanceRegistry  : Finished initializing remote region registries. All known remote regions: []
2023-11-06 12:18:32.710  INFO 16504 --- [    Test worker] c.n.eureka.DefaultEurekaServerContext    : Initialized
2023-11-06 12:18:32.893  INFO 16504 --- [    Test worker] o.s.b.a.e.web.EndpointLinksResolver      : Exposing 1 endpoint(s) beneath base path '/actuator'
2023-11-06 12:18:32.954  INFO 16504 --- [    Test worker] o.s.c.n.e.s.EurekaServiceRegistry        : Registering application DISCOVERYSERVICE with eureka with status UP
2023-11-06 12:18:32.970  INFO 16504 --- [      Thread-12] o.s.c.n.e.server.EurekaServerBootstrap   : isAws returned false
2023-11-06 12:18:32.970  INFO 16504 --- [      Thread-12] o.s.c.n.e.server.EurekaServerBootstrap   : Initialized server context
2023-11-06 12:18:32.970  INFO 16504 --- [      Thread-12] c.n.e.r.PeerAwareInstanceRegistryImpl    : Got 1 instances from neighboring DS node
2023-11-06 12:18:32.970  INFO 16504 --- [      Thread-12] c.n.e.r.PeerAwareInstanceRegistryImpl    : Renew threshold is: 1
2023-11-06 12:18:32.970  INFO 16504 --- [      Thread-12] c.n.e.r.PeerAwareInstanceRegistryImpl    : Changing status to UP
2023-11-06 12:18:32.977  INFO 16504 --- [    Test worker] c.c.discovery.DiscoveryApplicationTests  : Started DiscoveryApplicationTests in 8.563 seconds (JVM running for 10.008)
2023-11-06 12:18:32.980  INFO 16504 --- [      Thread-12] e.s.EurekaServerInitializerConfiguration : Started Eureka Server
]]></system-out>
  <system-err><![CDATA[]]></system-err>
</testsuite>
